<?xml version="1.0" encoding="UTF-8"?>
<testng-results skipped="0" failed="0" ignored="0" total="1" passed="1">
  <reporter-output>
  </reporter-output>
  <suite name="Default suite" duration-ms="106" started-at="2018-12-28T08:46:10Z" finished-at="2018-12-28T08:46:10Z">
    <groups>
    </groups>
    <test name="Default test" duration-ms="106" started-at="2018-12-28T08:46:10Z" finished-at="2018-12-28T08:46:10Z">
      <class name="Testing.Sample.browser_open">
        <test-method status="PASS" signature="meth()[pri:0, instance:Testing.Sample.browser_open@1aeed2f]" name="meth" duration-ms="32" started-at="2018-12-28T08:46:10Z" finished-at="2018-12-28T08:46:10Z">
          <reporter-output>
          </reporter-output>
        </test-method> <!-- meth -->
      </class> <!-- Testing.Sample.browser_open -->
    </test> <!-- Default test -->
  </suite> <!-- Default suite -->
</testng-results>
